[debug] [2023-11-08T23:19:28.852Z] ----------------------------------------------------------------------
[debug] [2023-11-08T23:19:28.856Z] Command:       C:\Program Files\nodejs\node.exe C:\Users\daste\AppData\Roaming\npm\node_modules\firebase-tools\lib\bin\firebase.js init
[debug] [2023-11-08T23:19:28.856Z] CLI Version:   12.8.1
[debug] [2023-11-08T23:19:28.857Z] Platform:      win32
[debug] [2023-11-08T23:19:28.857Z] Node Version:  v18.18.2
[debug] [2023-11-08T23:19:28.860Z] Time:          Wed Nov 08 2023 18:19:28 GMT-0500 (hora estándar de Colombia)
[debug] [2023-11-08T23:19:28.860Z] ----------------------------------------------------------------------
[debug] 
[debug] [2023-11-08T23:19:28.877Z] > command requires scopes: ["email","openid","https://www.googleapis.com/auth/cloudplatformprojects.readonly","https://www.googleapis.com/auth/firebase","https://www.googleapis.com/auth/cloud-platform"]
[debug] [2023-11-08T23:19:28.878Z] > authorizing via signed-in user (dasteven07sierra@gmail.com)
[info] 
     ######## #### ########  ######## ########     ###     ######  ########
     ##        ##  ##     ## ##       ##     ##  ##   ##  ##       ##
     ######    ##  ########  ######   ########  #########  ######  ######
     ##        ##  ##    ##  ##       ##     ## ##     ##       ## ##
     ##       #### ##     ## ######## ########  ##     ##  ######  ########

You're about to initialize a Firebase project in this directory:

  C:\Users\daste\PaginaWeb

[debug] [2023-11-08T23:20:50.275Z] ----------------------------------------------------------------------
[debug] [2023-11-08T23:20:50.279Z] Command:       C:\Program Files\nodejs\node.exe C:\Users\daste\AppData\Roaming\npm\node_modules\firebase-tools\lib\bin\firebase.js init
[debug] [2023-11-08T23:20:50.280Z] CLI Version:   12.8.1
[debug] [2023-11-08T23:20:50.280Z] Platform:      win32
[debug] [2023-11-08T23:20:50.281Z] Node Version:  v18.18.2
[debug] [2023-11-08T23:20:50.283Z] Time:          Wed Nov 08 2023 18:20:50 GMT-0500 (hora estándar de Colombia)
[debug] [2023-11-08T23:20:50.283Z] ----------------------------------------------------------------------
[debug] 
[debug] [2023-11-08T23:20:50.298Z] > command requires scopes: ["email","openid","https://www.googleapis.com/auth/cloudplatformprojects.readonly","https://www.googleapis.com/auth/firebase","https://www.googleapis.com/auth/cloud-platform"]
[debug] [2023-11-08T23:20:50.299Z] > authorizing via signed-in user (dasteven07sierra@gmail.com)
[info] 
     ######## #### ########  ######## ########     ###     ######  ########
     ##        ##  ##     ## ##       ##     ##  ##   ##  ##       ##
     ######    ##  ########  ######   ########  #########  ######  ######
     ##        ##  ##    ##  ##       ##     ## ##     ##       ## ##
     ##       #### ##     ## ######## ########  ##     ##  ######  ########

You're about to initialize a Firebase project in this directory:

  C:\Users\daste\PaginaWeb

[info] 
=== Project Setup
[info] 
[info] First, let's associate this project directory with a Firebase project.
[info] You can create multiple project aliases by running firebase use --add, 
[info] but for now we'll just set up a default project.
[info] 
[debug] [2023-11-08T23:21:05.655Z] >>> [apiv2][query] GET https://firebase.googleapis.com/v1beta1/projects pageSize=100
[debug] [2023-11-08T23:21:06.252Z] <<< [apiv2][status] GET https://firebase.googleapis.com/v1beta1/projects 200
[debug] [2023-11-08T23:21:06.253Z] <<< [apiv2][body] GET https://firebase.googleapis.com/v1beta1/projects [omitted]
[info] i  Using project pentesting-de-grado (Pentesting de grado) 
[info] 
=== Database Setup
[info] i  database: ensuring required API firebasedatabase.googleapis.com is enabled... 
[debug] [2023-11-08T23:21:08.789Z] >>> [apiv2][query] GET https://serviceusage.googleapis.com/v1/projects/pentesting-de-grado/services/firebasedatabase.googleapis.com [none]
[debug] [2023-11-08T23:21:08.789Z] >>> [apiv2][(partial)header] GET https://serviceusage.googleapis.com/v1/projects/pentesting-de-grado/services/firebasedatabase.googleapis.com x-goog-quota-user=projects/pentesting-de-grado
[debug] [2023-11-08T23:21:09.623Z] <<< [apiv2][status] GET https://serviceusage.googleapis.com/v1/projects/pentesting-de-grado/services/firebasedatabase.googleapis.com 200
[debug] [2023-11-08T23:21:09.623Z] <<< [apiv2][body] GET https://serviceusage.googleapis.com/v1/projects/pentesting-de-grado/services/firebasedatabase.googleapis.com [omitted]
[info] +  database: required API firebasedatabase.googleapis.com is enabled 
[info] 
[debug] [2023-11-08T23:21:09.626Z] >>> [apiv2][query] GET https://firebasedatabase.googleapis.com/v1beta/projects/pentesting-de-grado/locations/-/instances/pentesting-de-grado-default-rtdb [none]
[debug] [2023-11-08T23:21:10.471Z] <<< [apiv2][status] GET https://firebasedatabase.googleapis.com/v1beta/projects/pentesting-de-grado/locations/-/instances/pentesting-de-grado-default-rtdb 200
[debug] [2023-11-08T23:21:10.471Z] <<< [apiv2][body] GET https://firebasedatabase.googleapis.com/v1beta/projects/pentesting-de-grado/locations/-/instances/pentesting-de-grado-default-rtdb {"name":"projects/632562887367/locations/us-central1/instances/pentesting-de-grado-default-rtdb","project":"projects/632562887367","databaseUrl":"https://pentesting-de-grado-default-rtdb.firebaseio.com","type":"DEFAULT_DATABASE","state":"ACTIVE"}
[info] 
[info] Firebase Realtime Database Security Rules allow you to define how your data should be
[info] structured and when your data can be read from and written to.
[info] 
[debug] [2023-11-08T23:21:20.270Z] >>> [apiv2][query] GET https://pentesting-de-grado-default-rtdb.firebaseio.com/.settings/rules.json [none]
[debug] [2023-11-08T23:21:20.810Z] <<< [apiv2][status] GET https://pentesting-de-grado-default-rtdb.firebaseio.com/.settings/rules.json 200
[debug] [2023-11-08T23:21:20.810Z] <<< [apiv2][body] GET https://pentesting-de-grado-default-rtdb.firebaseio.com/.settings/rules.json [stream]
[info] +  Database Rules for pentesting-de-grado-default-rtdb have been written to database.rules.json. 
[info] Future modifications to database.rules.json will update Realtime Database Security Rules when you run
[info] firebase deploy.
[info] 
=== Firestore Setup
[debug] [2023-11-08T23:21:20.817Z] >>> [apiv2][query] GET https://serviceusage.googleapis.com/v1/projects/pentesting-de-grado/services/firestore.googleapis.com [none]
[debug] [2023-11-08T23:21:20.817Z] >>> [apiv2][(partial)header] GET https://serviceusage.googleapis.com/v1/projects/pentesting-de-grado/services/firestore.googleapis.com x-goog-quota-user=projects/pentesting-de-grado
[debug] [2023-11-08T23:21:21.606Z] <<< [apiv2][status] GET https://serviceusage.googleapis.com/v1/projects/pentesting-de-grado/services/firestore.googleapis.com 200
[debug] [2023-11-08T23:21:21.607Z] <<< [apiv2][body] GET https://serviceusage.googleapis.com/v1/projects/pentesting-de-grado/services/firestore.googleapis.com [omitted]
[debug] [2023-11-08T23:21:21.607Z] >>> [apiv2][query] GET https://firestore.googleapis.com/v1/projects/pentesting-de-grado/databases/(default) [none]
[debug] [2023-11-08T23:21:22.353Z] <<< [apiv2][status] GET https://firestore.googleapis.com/v1/projects/pentesting-de-grado/databases/(default) 200
[debug] [2023-11-08T23:21:22.353Z] <<< [apiv2][body] GET https://firestore.googleapis.com/v1/projects/pentesting-de-grado/databases/(default) {"name":"projects/pentesting-de-grado/databases/(default)","uid":"9932228d-c987-4fbf-9e36-328fe509ceae","createTime":"2023-11-08T22:07:09.027873Z","updateTime":"2023-11-08T22:07:09.027873Z","locationId":"nam5","type":"FIRESTORE_NATIVE","concurrencyMode":"PESSIMISTIC","versionRetentionPeriod":"3600s","earliestVersionTime":"2023-11-08T22:21:20.595902Z","appEngineIntegrationMode":"DISABLED","keyPrefix":"s","pointInTimeRecoveryEnablement":"POINT_IN_TIME_RECOVERY_DISABLED","deleteProtectionState":"DELETE_PROTECTION_DISABLED","etag":"IO7jq8LFtYIDMInoqae9tYID"}
[debug] [2023-11-08T23:21:22.353Z] database_type: FIRESTORE_NATIVE
[debug] [2023-11-08T23:21:22.354Z] > command requires scopes: ["email","openid","https://www.googleapis.com/auth/cloudplatformprojects.readonly","https://www.googleapis.com/auth/firebase","https://www.googleapis.com/auth/cloud-platform"]
[debug] [2023-11-08T23:21:22.354Z] > authorizing via signed-in user (dasteven07sierra@gmail.com)
[debug] [2023-11-08T23:21:22.354Z] [iam] checking project pentesting-de-grado for permissions ["firebase.projects.get"]
[debug] [2023-11-08T23:21:22.355Z] >>> [apiv2][query] POST https://cloudresourcemanager.googleapis.com/v1/projects/pentesting-de-grado:testIamPermissions [none]
[debug] [2023-11-08T23:21:22.356Z] >>> [apiv2][(partial)header] POST https://cloudresourcemanager.googleapis.com/v1/projects/pentesting-de-grado:testIamPermissions x-goog-quota-user=projects/pentesting-de-grado
[debug] [2023-11-08T23:21:22.356Z] >>> [apiv2][body] POST https://cloudresourcemanager.googleapis.com/v1/projects/pentesting-de-grado:testIamPermissions {"permissions":["firebase.projects.get"]}
[debug] [2023-11-08T23:21:23.019Z] <<< [apiv2][status] POST https://cloudresourcemanager.googleapis.com/v1/projects/pentesting-de-grado:testIamPermissions 200
[debug] [2023-11-08T23:21:23.020Z] <<< [apiv2][body] POST https://cloudresourcemanager.googleapis.com/v1/projects/pentesting-de-grado:testIamPermissions {"permissions":["firebase.projects.get"]}
[info] 
[info] Firestore Security Rules allow you to define how and when to allow
[info] requests. You can keep these rules in your project directory
[info] and publish them with firebase deploy.
[info] 
[info] 
[info] Firestore indexes allow you to perform complex queries while
[info] maintaining performance that scales with the size of the result
[info] set. You can keep index definitions in your project directory
[info] and publish them with firebase deploy.
[info] 
[info] 
=== Functions Setup
[debug] [2023-11-08T23:21:36.585Z] > command requires scopes: ["email","openid","https://www.googleapis.com/auth/cloudplatformprojects.readonly","https://www.googleapis.com/auth/firebase","https://www.googleapis.com/auth/cloud-platform"]
[debug] [2023-11-08T23:21:36.585Z] > authorizing via signed-in user (dasteven07sierra@gmail.com)
[debug] [2023-11-08T23:21:36.585Z] [iam] checking project pentesting-de-grado for permissions ["firebase.projects.get"]
[debug] [2023-11-08T23:21:36.586Z] >>> [apiv2][query] POST https://cloudresourcemanager.googleapis.com/v1/projects/pentesting-de-grado:testIamPermissions [none]
[debug] [2023-11-08T23:21:36.586Z] >>> [apiv2][(partial)header] POST https://cloudresourcemanager.googleapis.com/v1/projects/pentesting-de-grado:testIamPermissions x-goog-quota-user=projects/pentesting-de-grado
[debug] [2023-11-08T23:21:36.586Z] >>> [apiv2][body] POST https://cloudresourcemanager.googleapis.com/v1/projects/pentesting-de-grado:testIamPermissions {"permissions":["firebase.projects.get"]}
[debug] [2023-11-08T23:21:37.151Z] <<< [apiv2][status] POST https://cloudresourcemanager.googleapis.com/v1/projects/pentesting-de-grado:testIamPermissions 200
[debug] [2023-11-08T23:21:37.151Z] <<< [apiv2][body] POST https://cloudresourcemanager.googleapis.com/v1/projects/pentesting-de-grado:testIamPermissions {"permissions":["firebase.projects.get"]}
[debug] [2023-11-08T23:21:37.152Z] >>> [apiv2][query] GET https://serviceusage.googleapis.com/v1/projects/pentesting-de-grado/services/cloudfunctions.googleapis.com [none]
[debug] [2023-11-08T23:21:37.152Z] >>> [apiv2][(partial)header] GET https://serviceusage.googleapis.com/v1/projects/pentesting-de-grado/services/cloudfunctions.googleapis.com x-goog-quota-user=projects/pentesting-de-grado
[debug] [2023-11-08T23:21:37.155Z] >>> [apiv2][query] GET https://serviceusage.googleapis.com/v1/projects/pentesting-de-grado/services/runtimeconfig.googleapis.com [none]
[debug] [2023-11-08T23:21:37.156Z] >>> [apiv2][(partial)header] GET https://serviceusage.googleapis.com/v1/projects/pentesting-de-grado/services/runtimeconfig.googleapis.com x-goog-quota-user=projects/pentesting-de-grado
[debug] [2023-11-08T23:21:37.820Z] <<< [apiv2][status] GET https://serviceusage.googleapis.com/v1/projects/pentesting-de-grado/services/runtimeconfig.googleapis.com 200
[debug] [2023-11-08T23:21:37.821Z] <<< [apiv2][body] GET https://serviceusage.googleapis.com/v1/projects/pentesting-de-grado/services/runtimeconfig.googleapis.com [omitted]
[debug] [2023-11-08T23:21:37.922Z] <<< [apiv2][status] GET https://serviceusage.googleapis.com/v1/projects/pentesting-de-grado/services/cloudfunctions.googleapis.com 200
[debug] [2023-11-08T23:21:37.923Z] <<< [apiv2][body] GET https://serviceusage.googleapis.com/v1/projects/pentesting-de-grado/services/cloudfunctions.googleapis.com [omitted]
[info] 
Detected existing codebase(s): default

[info] 
Overwriting codebase default...

[info] i  Skipping write of functions/package.json 
[info] i  Skipping write of functions/index.js 
[info] i  Skipping write of functions/.gitignore 
[info] 
=== Hosting Setup
[info] 
[info] Your public directory is the folder (relative to your project directory) that
[info] will contain Hosting assets to be uploaded with firebase deploy. If you
[info] have a build process for your assets, use your build's output directory.
[info] 
[info] i  Skipping write of public/404.html 
[debug] [2023-11-08T23:22:56.093Z] >>> [apiv2][query] GET https://www.gstatic.com/firebasejs/releases.json [none]
[debug] [2023-11-08T23:22:56.208Z] <<< [apiv2][status] GET https://www.gstatic.com/firebasejs/releases.json 200
[debug] [2023-11-08T23:22:56.208Z] <<< [apiv2][body] GET https://www.gstatic.com/firebasejs/releases.json {"current":{"version":"10.5.2","browserURL":"https://www.gstatic.com/firebasejs/10.5.2/firebase.js","packageURL":"https://www.gstatic.com/firebasejs/10.5.2/firebase.tgz"},"live":{"version":"10.5","browserURL":"https://www.gstatic.com/firebasejs/live/10.5/firebase.js","packageURL":"https://www.gstatic.com/firebasejs/live/10.5/firebase.tgz"},"components":{"analytics":"https://www.gstatic.com/firebasejs/10.5.2/firebase-analytics.js","app":"https://www.gstatic.com/firebasejs/10.5.2/firebase-app.js","app-check":"https://www.gstatic.com/firebasejs/10.5.2/firebase-app-check.js","auth":"https://www.gstatic.com/firebasejs/10.5.2/firebase-auth.js","auth/cordova":"https://www.gstatic.com/firebasejs/10.5.2/firebase-auth/cordova.js","functions":"https://www.gstatic.com/firebasejs/10.5.2/firebase-functions.js","firestore":"https://www.gstatic.com/firebasejs/10.5.2/firebase-firestore.js","firestore/lite":"https://www.gstatic.com/firebasejs/10.5.2/firebase-firestore/lite.js","installations":"https://www.gstatic.com/firebasejs/10.5.2/firebase-installations.js","storage":"https://www.gstatic.com/firebasejs/10.5.2/firebase-storage.js","performance":"https://www.gstatic.com/firebasejs/10.5.2/firebase-performance.js","remote-config":"https://www.gstatic.com/firebasejs/10.5.2/firebase-remote-config.js","messaging":"https://www.gstatic.com/firebasejs/10.5.2/firebase-messaging.js","messaging/sw":"https://www.gstatic.com/firebasejs/10.5.2/firebase-messaging/sw.js","database":"https://www.gstatic.com/firebasejs/10.5.2/firebase-database.js","firestore.memory":"https://www.gstatic.com/firebasejs/10.5.2/firebase-firestore.memory.js"}}
[info] i  Skipping write of public/index.html 
[info] 
[info] i  Detected a .git folder at C:\Users\daste 
[info] i  Authorizing with GitHub to upload your service account to a GitHub repository's secrets store. 
[info] 
[info] Visit this URL on this device to log in:
[info] https://github.com/login/oauth/authorize?client_id=89cf50f02ac6aaed3484&state=792696086&redirect_uri=http%3A%2F%2Flocalhost%3A9005&scope=read%3Auser%20repo%20public_repo
[info] 
[info] Waiting for authentication...
[debug] [2023-11-08T23:23:02.700Z] >>> [apiv2][query] POST https://github.com/login/oauth/access_token [none]
[debug] [2023-11-08T23:23:02.700Z] >>> [apiv2][body] POST https://github.com/login/oauth/access_token [stream]
[debug] [2023-11-08T23:23:03.055Z] <<< [apiv2][status] POST https://github.com/login/oauth/access_token 200
[debug] [2023-11-08T23:23:03.056Z] <<< [apiv2][body] POST https://github.com/login/oauth/access_token {"access_token":"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","token_type":"bearer","scope":"read:user,repo"}
[debug] [2023-11-08T23:23:03.066Z] >>> [apiv2][query] GET https://api.github.com/user [none]
[debug] [2023-11-08T23:23:03.448Z] <<< [apiv2][status] GET https://api.github.com/user 200
[debug] [2023-11-08T23:23:03.448Z] <<< [apiv2][body] GET https://api.github.com/user {"login":"TintosinAzucar","id":92803723,"node_id":"U_kgDOBYgSiw","avatar_url":"https://avatars.githubusercontent.com/u/92803723?v=4","gravatar_id":"","url":"https://api.github.com/users/TintosinAzucar","html_url":"https://github.com/TintosinAzucar","followers_url":"https://api.github.com/users/TintosinAzucar/followers","following_url":"https://api.github.com/users/TintosinAzucar/following{/other_user}","gists_url":"https://api.github.com/users/TintosinAzucar/gists{/gist_id}","starred_url":"https://api.github.com/users/TintosinAzucar/starred{/owner}{/repo}","subscriptions_url":"https://api.github.com/users/TintosinAzucar/subscriptions","organizations_url":"https://api.github.com/users/TintosinAzucar/orgs","repos_url":"https://api.github.com/users/TintosinAzucar/repos","events_url":"https://api.github.com/users/TintosinAzucar/events{/privacy}","received_events_url":"https://api.github.com/users/TintosinAzucar/received_events","type":"User","site_admin":false,"name":"TintoSinAzucar","company":null,"blog":"","location":"Bogotá","email":null,"hireable":null,"bio":"Estudiante Ingeniería de Sistemas--U.C.C","twitter_username":null,"public_repos":1,"public_gists":0,"followers":0,"following":0,"created_at":"2021-10-19T14:18:19Z","updated_at":"2022-06-02T02:35:26Z","private_gists":0,"total_private_repos":1,"owned_private_repos":1,"disk_usage":0,"collaborators":0,"two_factor_authentication":false,"plan":{"name":"free","space":976562499,"collaborators":0,"private_repos":10000}}
[info] 
[info] +  Success! Logged into GitHub as TintosinAzucar 
[info] 
